{
  "RSpec": {
    "coverage": {
      "/home/developer/Music/MusicStreaming/app/models/artist.rb": [
        1,
        1,
        null,
        1,
        null
      ],
      "/home/developer/Music/MusicStreaming/app/channels/application_cable/channel.rb": [
        0,
        0,
        0,
        0
      ],
      "/home/developer/Music/MusicStreaming/app/channels/application_cable/connection.rb": [
        0,
        0,
        0,
        0
      ],
      "/home/developer/Music/MusicStreaming/app/controllers/application_controller.rb": [
        0,
        0,
        null,
        0,
        0,
        0,
        0,
        0,
        0
      ],
      "/home/developer/Music/MusicStreaming/app/controllers/artists_controller.rb": [
        0,
        0,
        null,
        0,
        0,
        0,
        0,
        null,
        0,
        0,
        0,
        0,
        null,
        0,
        0,
        0,
        0,
        0,
        0,
        0,
        0,
        0,
        0,
        0,
        0,
        0,
        0,
        0,
        null,
        0,
        0,
        0,
        0,
        0,
        0,
        0,
        0,
        0,
        0,
        0,
        0,
        0,
        0,
        null,
        0,
        0,
        0,
        0,
        0,
        0,
        0,
        0,
        0,
        0,
        0,
        0,
        0,
        null,
        0,
        null,
        0,
        0,
        0,
        null,
        0,
        0,
        0,
        0
      ],
      "/home/developer/Music/MusicStreaming/app/controllers/concerns/rack_sessions_fix.rb": [
        0,
        0,
        0,
        0,
        0,
        0,
        0,
        0,
        0,
        0,
        0,
        0,
        0,
        0,
        0,
        0
      ],
      "/home/developer/Music/MusicStreaming/app/controllers/songs_controller.rb": [
        0,
        0,
        null,
        0,
        0,
        0,
        0,
        0,
        0,
        null,
        0,
        0,
        0,
        0,
        0,
        0,
        null,
        0,
        0,
        0,
        0,
        0,
        0,
        0,
        0,
        0,
        0,
        0,
        0,
        0,
        0,
        0,
        0,
        null,
        0,
        0,
        0,
        0,
        0,
        0,
        0,
        0,
        0,
        0,
        0,
        0,
        0,
        0,
        null,
        0,
        0,
        0,
        0,
        0,
        0,
        0,
        0,
        0,
        0,
        0,
        0,
        0,
        null,
        0,
        null,
        0,
        0,
        0,
        null,
        0,
        0,
        0,
        0
      ],
      "/home/developer/Music/MusicStreaming/app/controllers/users/registrations_controller.rb": [
        0,
        0,
        0,
        0,
        null,
        0,
        0,
        0,
        0,
        0,
        0,
        0,
        0,
        0,
        0,
        0,
        0,
        0
      ],
      "/home/developer/Music/MusicStreaming/app/controllers/users/sessions_controller.rb": [
        0,
        0,
        0,
        0,
        0,
        0,
        0,
        null,
        0,
        0,
        0,
        0,
        0,
        0,
        0,
        null,
        null,
        null,
        null,
        null,
        null,
        null,
        null,
        null,
        null,
        null,
        null,
        null,
        null,
        null,
        null,
        null,
        0,
        0,
        0,
        0,
        0,
        null,
        0,
        0,
        0,
        0,
        0,
        0,
        0,
        0,
        0,
        0,
        0,
        0,
        0
      ],
      "/home/developer/Music/MusicStreaming/app/controllers/wishlists_controller.rb": [
        0,
        0,
        null,
        0,
        0,
        0,
        0,
        0,
        0,
        null,
        0,
        0,
        0,
        0,
        0,
        0,
        null,
        0,
        0,
        0,
        0,
        0,
        0,
        0,
        0,
        0,
        0,
        0,
        0,
        0,
        0,
        0,
        0,
        0,
        null,
        0,
        0,
        0,
        0,
        0,
        0,
        0,
        0,
        0,
        0,
        0,
        0,
        0,
        0,
        null,
        0,
        0,
        0,
        0,
        0,
        0,
        0,
        0,
        0,
        0,
        0,
        0,
        0,
        null,
        0,
        null,
        0,
        0,
        0,
        null,
        0,
        0,
        0,
        0
      ],
      "/home/developer/Music/MusicStreaming/app/jobs/application_job.rb": [
        0,
        null,
        null,
        null,
        null,
        null,
        0
      ],
      "/home/developer/Music/MusicStreaming/app/mailers/application_mailer.rb": [
        0,
        0,
        0,
        0
      ],
      "/home/developer/Music/MusicStreaming/app/models/application_record.rb": [
        0,
        0,
        0
      ],
      "/home/developer/Music/MusicStreaming/app/models/song.rb": [
        0,
        0,
        0,
        0
      ],
      "/home/developer/Music/MusicStreaming/app/models/user.rb": [
        0,
        null,
        null,
        0,
        null,
        0,
        0,
        null,
        0,
        0
      ],
      "/home/developer/Music/MusicStreaming/app/models/wishlist.rb": [
        0,
        0,
        0,
        0
      ],
      "/home/developer/Music/MusicStreaming/app/serializers/user_serializer.rb": [
        0,
        0,
        0,
        0
      ]
    },
    "timestamp": 1726729799
  }
}
